<?xml version="1.0" encoding="UTF-8"?>
<!-- Generated by org.testng.reporters.JUnitReportReporter -->
<testsuite skipped="0" hostname="DESKTOP-FQ1JJKR" name="AxeTrading.Task.TestListFromTable" tests="1" failures="0" timestamp="2021-11-22T09:59:38 CET" time="12.522" errors="0">
  <testcase name="testListFromBlotterTable" time="12.522" classname="AxeTrading.Task.TestListFromTable"/>
  <system-out/>
</testsuite> <!-- AxeTrading.Task.TestListFromTable -->
